<?xml version="1.0" encoding="UTF-8"?>
<!-- Generated by org.testng.reporters.JUnitReportReporter -->
<testsuite hostname="LAPTOP-G790OGBU" name="com.menumitratCommonAPITestScript.MenuCategoryCreateTestScript" tests="1" failures="0" timestamp="3 May 2025 13:39:19 GMT" time="2.227" errors="1">
  <testcase name="createMenuCategoryUsingValidInputData" time="2.227" classname="com.menumitratCommonAPITestScript.MenuCategoryCreateTestScript">
    <error type="com.menumitra.utilityclass.customException" message="Error during menu category create test execution: Error validating response: success response validate failed: Acutal response does not matched expected response expected [{msg=success, st=1}] but found [{data={image=8530168263.jpg, menu_cat_id=5, created_on=03 May 2025 07:09:23 PM, name=North Indian, created_by=owner}}]">
      <![CDATA[com.menumitra.utilityclass.customException: Error during menu category create test execution: Error validating response: success response validate failed: Acutal response does not matched expected response expected [{msg=success, st=1}] but found [{data={image=8530168263.jpg, menu_cat_id=5, created_on=03 May 2025 07:09:23 PM, name=North Indian, created_by=owner}}]
	at com.menumitratCommonAPITestScript.MenuCategoryCreateTestScript.createMenuCategoryUsingValidInputData(MenuCategoryCreateTestScript.java:234)
	at sun.reflect.NativeMethodAccessorImpl.invoke0(Native Method)
	at sun.reflect.NativeMethodAccessorImpl.invoke(Unknown Source)
	at sun.reflect.DelegatingMethodAccessorImpl.invoke(Unknown Source)
	at java.lang.reflect.Method.invoke(Unknown Source)
	at org.testng.internal.MethodInvocationHelper.invokeMethod(MethodInvocationHelper.java:86)
	at org.testng.internal.Invoker.invokeMethod(Invoker.java:643)
	at org.testng.internal.Invoker.invokeTestMethod(Invoker.java:820)
	at org.testng.internal.Invoker.invokeTestMethods(Invoker.java:1128)
	at org.testng.internal.TestMethodWorker.invokeTestMethods(TestMethodWorker.java:129)
	at org.testng.internal.TestMethodWorker.run(TestMethodWorker.java:112)
	at org.testng.TestRunner.privateRun(TestRunner.java:782)
	at org.testng.TestRunner.run(TestRunner.java:632)
	at org.testng.SuiteRunner.runTest(SuiteRunner.java:366)
	at org.testng.SuiteRunner.runSequentially(SuiteRunner.java:361)
	at org.testng.SuiteRunner.privateRun(SuiteRunner.java:319)
	at org.testng.SuiteRunner.run(SuiteRunner.java:268)
	at org.testng.SuiteRunnerWorker.runSuite(SuiteRunnerWorker.java:52)
	at org.testng.SuiteRunnerWorker.run(SuiteRunnerWorker.java:86)
	at org.testng.TestNG.runSuitesSequentially(TestNG.java:1244)
	at org.testng.TestNG.runSuitesLocally(TestNG.java:1169)
	at org.testng.TestNG.run(TestNG.java:1064)
	at org.testng.remote.RemoteTestNG.run(RemoteTestNG.java:113)
	at org.testng.remote.RemoteTestNG.initAndRun(RemoteTestNG.java:206)
	at org.testng.remote.RemoteTestNG.main(RemoteTestNG.java:177)
]]>
    </error>
  </testcase> <!-- createMenuCategoryUsingValidInputData -->
</testsuite> <!-- com.menumitratCommonAPITestScript.MenuCategoryCreateTestScript -->
